2025-08-31 12:54:17 Программа запущена
2025-08-31 12:54:17 Экземпляр класса создан с путем: data.csv
2025-08-31 12:54:17 Подсчет числа орлов и решек
2025-08-31 12:54:17 Орлов 5 и 7 решек
2025-08-31 12:54:17 Подсчитываем проценты
2025-08-31 12:54:17 Делаем предсказания
2025-08-31 12:54:17 Возвращаем последний элемент
2025-08-31 12:54:17 Результирующий текст: We made 12 observations by tossing a coin: 7 were tails and 5 were heads. The probabilities are 58.333333333333336% and 41.66666666666667%, respectively. Our forecast is that the next 12 observations will be: 7 tail and 5 heads.
2025-08-31 12:54:17 Сохраняем результат в файл
2025-08-31 12:54:17 Сообщение успешно отправлено в Telegram
2025-08-31 13:02:13 Программа запущена
2025-08-31 13:02:13 Экземпляр класса создан с путем: data.csv
2025-08-31 13:02:13 Подсчет числа орлов и решек
2025-08-31 13:02:13 Орлов 5 и 7 решек
2025-08-31 13:02:13 Подсчитываем проценты
2025-08-31 13:02:13 Делаем предсказания
2025-08-31 13:02:13 Возвращаем последний элемент
2025-08-31 13:02:13 Результирующий текст: We made 12 observations by tossing a coin: 7 were tails and 5 were heads. The probabilities are 58.333333333333336% and 41.66666666666667%, respectively. Our forecast is that the next 12 observations will be: 5 tail and 7 heads.
2025-08-31 13:02:13 Сохраняем результат в файл
2025-08-31 13:02:13 Сообщение успешно отправлено в Telegram
2025-08-31 13:14:11 Программа запущена
2025-08-31 13:14:11 Экземпляр класса создан с путем: data.csv
2025-08-31 13:14:11 Подсчет числа орлов и решек
2025-08-31 13:14:11 Орлов 5 и 7 решек
2025-08-31 13:14:11 Подсчитываем проценты
2025-08-31 13:14:11 Делаем предсказания
2025-08-31 13:14:11 Возвращаем последний элемент
2025-08-31 13:14:11 Результирующий текст: We made 12 observations by tossing a coin: 7 were tails and 5 were heads. The probabilities are 58.333333333333336% and 41.66666666666667%, respectively. Our forecast is that the next 12 observations will be: 6 tail and 6 heads.
2025-08-31 13:14:11 Сохраняем результат в файл
2025-08-31 13:14:11 Сообщение успешно отправлено в Telegram
2025-08-31 13:14:20 Программа запущена
2025-08-31 13:14:20 Экземпляр класса создан с путем: data.csv
2025-08-31 13:14:29 Программа запущена
2025-08-31 13:14:29 Экземпляр класса создан с путем: data.csv
2025-08-31 13:14:29 Подсчет числа орлов и решек
2025-08-31 13:14:29 Орлов 5 и 7 решек
2025-08-31 13:14:29 Подсчитываем проценты
2025-08-31 13:14:29 Делаем предсказания
2025-08-31 13:14:29 Возвращаем последний элемент
2025-08-31 13:14:29 Результирующий текст: We made 12 observations by tossing a coin: 7 were tails and 5 were heads. The probabilities are 58.333333333333336% and 41.66666666666667%, respectively. Our forecast is that the next 12 observations will be: 7 tail and 5 heads.
2025-08-31 13:14:29 Сохраняем результат в файл
2025-08-31 13:14:29 Сообщение успешно отправлено в Telegram
2025-09-01 12:47:01 Программа запущена
2025-09-01 12:47:01 Экземпляр класса создан с путем: data.csv
2025-09-01 12:47:01 Подсчет числа орлов и решек
2025-09-01 12:47:01 Орлов 5 и 7 решек
2025-09-01 12:47:01 Подсчитываем проценты
2025-09-01 12:47:01 Делаем предсказания
2025-09-01 12:47:01 Возвращаем последний элемент
2025-09-01 12:47:01 Результирующий текст: We made 12 observations by tossing a coin: 7 were tails and 5 were heads. The probabilities are 58.333333333333336% and 41.66666666666667%, respectively. Our forecast is that the next 12 observations will be: 7 tail and 5 heads.
2025-09-01 12:47:01 Сохраняем результат в файл
2025-09-01 12:47:01 Сообщение успешно отправлено в Telegram
2025-09-01 12:47:25 Программа запущена
2025-09-01 12:47:25 Экземпляр класса создан с путем: data.csv
2025-09-01 12:47:25 Подсчет числа орлов и решек
2025-09-01 12:47:25 Орлов 5 и 7 решек
2025-09-01 12:47:25 Подсчитываем проценты
2025-09-01 12:47:25 Делаем предсказания
2025-09-01 12:47:25 Возвращаем последний элемент
2025-09-01 12:47:25 Результирующий текст: We made 12 observations by tossing a coin: 7 were tails and 5 were heads. The probabilities are 58.333333333333336% and 41.66666666666667%, respectively. Our forecast is that the next 12 observations will be: 7 tail and 5 heads.
2025-09-01 12:47:25 Сохраняем результат в файл
2025-09-01 12:47:26 Сообщение успешно отправлено в Telegram
2025-09-01 12:47:29 Ошибка чтения файла
2025-09-01 12:47:29 Экземпляр класса создан с путем: data.cs
2025-09-01 12:47:29 Сообщение успешно отправлено в Telegram
